\BOOKMARK [1][-]{section.1}{Introduction}{}% 1
\BOOKMARK [2][-]{subsection.1.1}{Components of Assignments}{section.1}% 2
\BOOKMARK [1][-]{section.2}{Data}{}% 3
\BOOKMARK [2][-]{subsection.2.1}{Biology}{section.2}% 4
\BOOKMARK [2][-]{subsection.2.2}{Finance}{section.2}% 5
\BOOKMARK [2][-]{subsection.2.3}{NLP}{section.2}% 6
\BOOKMARK [2][-]{subsection.2.4}{Speech}{section.2}% 7
\BOOKMARK [2][-]{subsection.2.5}{Vision}{section.2}% 8
\BOOKMARK [2][-]{subsection.2.6}{Synthetic Data}{section.2}% 9
\BOOKMARK [3][-]{subsubsection.2.6.1}{Easy}{subsection.2.6}% 10
\BOOKMARK [3][-]{subsubsection.2.6.2}{Hard}{subsection.2.6}% 11
\BOOKMARK [1][-]{section.3}{Programming \(35 Points\)}{}% 12
\BOOKMARK [2][-]{subsection.3.1}{How to Run the Library}{section.3}% 13
\BOOKMARK [2][-]{subsection.3.2}{Data Formats}{section.3}% 14
\BOOKMARK [2][-]{subsection.3.3}{Components}{section.3}% 15
\BOOKMARK [2][-]{subsection.3.4}{Learning Algorithms}{section.3}% 16
\BOOKMARK [2][-]{subsection.3.5}{Grading Programming}{section.3}% 17
\BOOKMARK [2][-]{subsection.3.6}{Submitting Code}{section.3}% 18
\BOOKMARK [2][-]{subsection.3.7}{Code Readability and Style}{section.3}% 19
\BOOKMARK [2][-]{subsection.3.8}{Code Structure}{section.3}% 20
\BOOKMARK [2][-]{subsection.3.9}{Knowing Your Code Works}{section.3}% 21
\BOOKMARK [1][-]{section.4}{Analytical \(15 Points\)}{}% 22
\BOOKMARK [1][-]{section.5}{What to Submit}{}% 23
